<?xml version="1.0" encoding="UTF-8"?>
<!-- Generated by org.testng.reporters.JUnitXMLReporter -->
<testsuite ignored="0" hostname="DESKTOP-DJ4FDME" failures="0" tests="3" name="Default test" time="13.781" errors="0" timestamp="2024-07-29T20:58:07 IST">
  <testcase classname="org.wipro.auto.uo.testcases.TS01_TestScenario_DDF" name="tc01_validatevalidcrednloginfunc" time="0.606"/>
  <testcase classname="org.wipro.auto.uo.testcases.TS01_TestScenario_DDF" name="tc01_validatevalidcrednloginfunc" time="0.843"/>
  <testcase classname="org.wipro.auto.uo.testcases.TS01_TestScenario_DDF" name="tc01_validatevalidcrednloginfunc" time="0.948"/>
</testsuite> <!-- Default test -->
