<?xml version="1.0" encoding="UTF-8"?>
<!-- Generated by org.testng.reporters.JUnitXMLReporter -->
<testsuite ignored="3" hostname="DESKTOP-DJ4FDME" failures="0" tests="1" name="Test" time="14.831" errors="0" timestamp="2024-07-24T21:21:02 IST">
  <testcase classname="org.xyz.automation.fb.KeyboardMouse" name="handleFrames" time="14.747"/>
  <testcase classname="org.xyz.automation.fb.KeyboardMouse" name="handlekeyboard" time="0.0">
    <ignored/>
  </testcase> <!-- handlekeyboard -->
  <testcase classname="org.xyz.automation.fb.KeyboardMouse" name="handlemouse" time="0.0">
    <ignored/>
  </testcase> <!-- handlemouse -->
  <testcase classname="org.xyz.automation.fb.KeyboardMouse" name="handleAlerts" time="0.0">
    <ignored/>
  </testcase> <!-- handleAlerts -->
</testsuite> <!-- Test -->
