<?xml version="1.0" encoding="UTF-8"?>
<!-- Generated by org.testng.reporters.JUnitXMLReporter -->
<testsuite ignored="24" hostname="DESKTOP-DJ4FDME" failures="4" tests="4" name="Test(failed)" time="0.173" errors="0" timestamp="2024-07-09T21:01:38 IST">
  <testcase classname="demoTestNG.TestScenario7" name="seven_testcase" time="0.042">
    <failure type="java.lang.AssertionError" message="expected [Hello world] but found [Hello]">
      <![CDATA[java.lang.AssertionError: expected [Hello world] but found [Hello]
at demoTestNG.TestScenario7.seven_testcase(TestScenario7.java:50)
at java.base/java.util.ArrayList.forEach(ArrayList.java:1511)
... Removed 33 stack frames]]>
    </failure>
  </testcase> <!-- seven_testcase -->
  <testcase classname="demoTestNG.TestScenario3" name="forth_testcase" time="0.002">
    <failure type="java.lang.AssertionError" message="expected [Hello world] but found [Hello]">
      <![CDATA[java.lang.AssertionError: expected [Hello world] but found [Hello]
at demoTestNG.TestScenario3.forth_testcase(TestScenario3.java:31)
at java.base/java.util.ArrayList.forEach(ArrayList.java:1511)
... Removed 33 stack frames]]>
    </failure>
  </testcase> <!-- forth_testcase -->
  <testcase classname="demoTestNG.TestScenario5" name="forth_testcase" time="0.002">
    <failure type="java.lang.AssertionError" message="expected [Hello world] but found [Hello]">
      <![CDATA[java.lang.AssertionError: expected [Hello world] but found [Hello]
at demoTestNG.TestScenario5.forth_testcase(TestScenario5.java:31)
at java.base/java.util.ArrayList.forEach(ArrayList.java:1511)
... Removed 33 stack frames]]>
    </failure>
  </testcase> <!-- forth_testcase -->
  <testcase classname="demoTestNG.TestScenario1" name="first_testcase" time="0.002">
    <failure type="java.lang.AssertionError" message="expected [Hello world] but found [Hello]">
      <![CDATA[java.lang.AssertionError: expected [Hello world] but found [Hello]
at demoTestNG.TestScenario1.first_testcase(TestScenario1.java:15)
at java.base/java.util.ArrayList.forEach(ArrayList.java:1511)
... Removed 33 stack frames]]>
    </failure>
  </testcase> <!-- first_testcase -->
  <testcase classname="demoTestNG.TestScenario3" name="first_testcase" time="0.0">
    <ignored/>
  </testcase> <!-- first_testcase -->
  <testcase classname="demoTestNG.TestScenario1" name="second_testcase" time="0.0">
    <ignored/>
  </testcase> <!-- second_testcase -->
  <testcase classname="demoTestNG.TestScenario7" name="forth_testcase" time="0.0">
    <ignored/>
  </testcase> <!-- forth_testcase -->
  <testcase classname="demoTestNG.TestScenario3" name="second_testcase" time="0.0">
    <ignored/>
  </testcase> <!-- second_testcase -->
  <testcase classname="demoTestNG.TestScenario7" name="first_testcase" time="0.0">
    <ignored/>
  </testcase> <!-- first_testcase -->
  <testcase classname="demoTestNG.TestScenario7" name="second_testcase" time="0.0">
    <ignored/>
  </testcase> <!-- second_testcase -->
  <testcase classname="demoTestNG.TestScenario1" name="third_testcase" time="0.0">
    <ignored/>
  </testcase> <!-- third_testcase -->
  <testcase classname="demoTestNG.TestScenario5" name="second_testcase" time="0.0">
    <ignored/>
  </testcase> <!-- second_testcase -->
  <testcase classname="demoTestNG.TestScenario5" name="first_testcase" time="0.0">
    <ignored/>
  </testcase> <!-- first_testcase -->
  <testcase classname="demoTestNG.TestScenario7" name="sixth_testcase" time="0.0">
    <ignored/>
  </testcase> <!-- sixth_testcase -->
  <testcase classname="demoTestNG.TestScenario3" name="sixth_testcase" time="0.0">
    <ignored/>
  </testcase> <!-- sixth_testcase -->
  <testcase classname="demoTestNG.TestScenario5" name="seven_testcase" time="0.0">
    <ignored/>
  </testcase> <!-- seven_testcase -->
  <testcase classname="demoTestNG.TestScenario7" name="fifth_testcase" time="0.0">
    <ignored/>
  </testcase> <!-- fifth_testcase -->
  <testcase classname="demoTestNG.TestScenario5" name="third_testcase" time="0.0">
    <ignored/>
  </testcase> <!-- third_testcase -->
  <testcase classname="demoTestNG.TestScenario3" name="fifth_testcase" time="0.0">
    <ignored/>
  </testcase> <!-- fifth_testcase -->
  <testcase classname="demoTestNG.TestScenario7" name="third_testcase" time="0.0">
    <ignored/>
  </testcase> <!-- third_testcase -->
  <testcase classname="demoTestNG.TestScenario5" name="fifth_testcase" time="0.0">
    <ignored/>
  </testcase> <!-- fifth_testcase -->
  <testcase classname="demoTestNG.TestScenario5" name="sixth_testcase" time="0.0">
    <ignored/>
  </testcase> <!-- sixth_testcase -->
  <testcase classname="demoTestNG.TestScenario1" name="forth_testcase" time="0.0">
    <ignored/>
  </testcase> <!-- forth_testcase -->
  <testcase classname="demoTestNG.TestScenario3" name="third_testcase" time="0.0">
    <ignored/>
  </testcase> <!-- third_testcase -->
  <testcase classname="demoTestNG.TestScenario3" name="seven_testcase" time="0.0">
    <ignored/>
  </testcase> <!-- seven_testcase -->
  <testcase classname="demoTestNG.TestScenario1" name="fifth_testcase" time="0.0">
    <ignored/>
  </testcase> <!-- fifth_testcase -->
  <testcase classname="demoTestNG.TestScenario1" name="seven_testcase" time="0.0">
    <ignored/>
  </testcase> <!-- seven_testcase -->
  <testcase classname="demoTestNG.TestScenario1" name="sixth_testcase" time="0.0">
    <ignored/>
  </testcase> <!-- sixth_testcase -->
</testsuite> <!-- Test(failed) -->
