<?xml version="1.0" encoding="UTF-8"?>
<testng-results ignored="0" total="3" passed="3" failed="0" skipped="0">
  <reporter-output>
  </reporter-output>
  <suite started-at="2024-07-29T20:57:53 IST" name="Default suite" finished-at="2024-07-29T20:58:07 IST" duration-ms="13781">
    <groups>
    </groups>
    <test started-at="2024-07-29T20:57:53 IST" name="Default test" finished-at="2024-07-29T20:58:07 IST" duration-ms="13781">
      <class name="org.wipro.auto.uo.testcases.TS01_TestScenario_DDF">
        <test-method is-config="true" signature="launchBrowser()[pri:0, instance:org.wipro.auto.uo.testcases.TS01_TestScenario_DDF@6bd61f98]" started-at="2024-07-29T20:57:53 IST" name="launchBrowser" finished-at="2024-07-29T20:57:57 IST" duration-ms="4217" status="PASS">
          <reporter-output>
          </reporter-output>
        </test-method> <!-- launchBrowser -->
        <test-method signature="tc01_validatevalidcrednloginfunc(java.lang.String,java.lang.String)[pri:0, instance:org.wipro.auto.uo.testcases.TS01_TestScenario_DDF@6bd61f98]" started-at="2024-07-29T20:57:57 IST" name="tc01_validatevalidcrednloginfunc" data-provider="ddfdata" finished-at="2024-07-29T20:57:58 IST" duration-ms="606" status="PASS">
          <params>
            <param index="0">
              <value>
                <![CDATA[user1]]>
              </value>
            </param>
            <param index="1">
              <value>
                <![CDATA[pass1]]>
              </value>
            </param>
          </params>
          <reporter-output>
          </reporter-output>
        </test-method> <!-- tc01_validatevalidcrednloginfunc -->
        <test-method is-config="true" signature="closeBrowser()[pri:0, instance:org.wipro.auto.uo.testcases.TS01_TestScenario_DDF@6bd61f98]" started-at="2024-07-29T20:57:58 IST" name="closeBrowser" finished-at="2024-07-29T20:57:58 IST" duration-ms="1" status="PASS">
          <reporter-output>
          </reporter-output>
        </test-method> <!-- closeBrowser -->
        <test-method is-config="true" signature="launchBrowser()[pri:0, instance:org.wipro.auto.uo.testcases.TS01_TestScenario_DDF@6bd61f98]" started-at="2024-07-29T20:57:58 IST" name="launchBrowser" finished-at="2024-07-29T20:58:01 IST" duration-ms="3374" status="PASS">
          <reporter-output>
          </reporter-output>
        </test-method> <!-- launchBrowser -->
        <test-method signature="tc01_validatevalidcrednloginfunc(java.lang.String,java.lang.String)[pri:0, instance:org.wipro.auto.uo.testcases.TS01_TestScenario_DDF@6bd61f98]" started-at="2024-07-29T20:58:01 IST" name="tc01_validatevalidcrednloginfunc" data-provider="ddfdata" finished-at="2024-07-29T20:58:02 IST" duration-ms="843" status="PASS">
          <params>
            <param index="0">
              <value>
                <![CDATA[user2]]>
              </value>
            </param>
            <param index="1">
              <value>
                <![CDATA[pass2]]>
              </value>
            </param>
          </params>
          <reporter-output>
          </reporter-output>
        </test-method> <!-- tc01_validatevalidcrednloginfunc -->
        <test-method is-config="true" signature="closeBrowser()[pri:0, instance:org.wipro.auto.uo.testcases.TS01_TestScenario_DDF@6bd61f98]" started-at="2024-07-29T20:58:02 IST" name="closeBrowser" finished-at="2024-07-29T20:58:02 IST" duration-ms="1" status="PASS">
          <reporter-output>
          </reporter-output>
        </test-method> <!-- closeBrowser -->
        <test-method is-config="true" signature="launchBrowser()[pri:0, instance:org.wipro.auto.uo.testcases.TS01_TestScenario_DDF@6bd61f98]" started-at="2024-07-29T20:58:02 IST" name="launchBrowser" finished-at="2024-07-29T20:58:06 IST" duration-ms="3660" status="PASS">
          <reporter-output>
          </reporter-output>
        </test-method> <!-- launchBrowser -->
        <test-method signature="tc01_validatevalidcrednloginfunc(java.lang.String,java.lang.String)[pri:0, instance:org.wipro.auto.uo.testcases.TS01_TestScenario_DDF@6bd61f98]" started-at="2024-07-29T20:58:06 IST" name="tc01_validatevalidcrednloginfunc" data-provider="ddfdata" finished-at="2024-07-29T20:58:07 IST" duration-ms="948" status="PASS">
          <params>
            <param index="0">
              <value>
                <![CDATA[user3]]>
              </value>
            </param>
            <param index="1">
              <value>
                <![CDATA[pass3]]>
              </value>
            </param>
          </params>
          <reporter-output>
          </reporter-output>
        </test-method> <!-- tc01_validatevalidcrednloginfunc -->
        <test-method is-config="true" signature="closeBrowser()[pri:0, instance:org.wipro.auto.uo.testcases.TS01_TestScenario_DDF@6bd61f98]" started-at="2024-07-29T20:58:07 IST" name="closeBrowser" finished-at="2024-07-29T20:58:07 IST" duration-ms="1" status="PASS">
          <reporter-output>
          </reporter-output>
        </test-method> <!-- closeBrowser -->
      </class> <!-- org.wipro.auto.uo.testcases.TS01_TestScenario_DDF -->
    </test> <!-- Default test -->
  </suite> <!-- Default suite -->
</testng-results>
